
<messaging-deployment xmlns="urn:jboss:messaging-deployment:1.0">

    <hornetq-server>
        <jms-destinations>
            <jms-queue name="talkModifiedQueue">
                <entry name="queue/talkmodified"/>
                <entry name="java:jboss/exported/jms/queue/talkmodified"/>
            </jms-queue>
        </jms-destinations>
    </hornetq-server>

</messaging-deployment>
